(setq abc 1)  
(setq b 0)  
 (print abc);
(defun fib (n )
(setq fib_abc 1)  
(setq fib_i 0)  
(setq fib_c 0)  
(setf b 1)
(setf fib_i 0)(loop while (< fib_i n) do
(setf fib_c (+ b fib_abc))
(setf fib_abc b)
(setf b fib_c)
(setf fib_i(+ 1 fib_i))) 
(return-from fib fib_c)
)
(defun main () 
(setq main_v (make-array 32))  
(setq main_paco 1)  
(setf (aref main_v 31) (fib 10 ))
(if (> 3 1)
(progn (print "TRUE")
)
)
(if (not (< 1 0))
(progn (setf b 1)
)
(progn (print "FALSE")
)
)
(loop while (< main_paco 10) do
(setf main_paco (* main_paco 2))
)
(print "FINNNNN")
(print "---")
(prin1 (aref main_v 31)) 
(return-from main 0)
)
 (main);
